<?xml version="1.0" encoding="UTF-8"?>
<!-- Generated by org.testng.reporters.JUnitReportReporter -->
<testsuite hostname="Kondapalli-PC" failures="0" tests="1" name="com.acti.base.DriverScript" time="5.231" errors="0" timestamp="2023-04-28T18:47:56 CDT" skipped="0">
  <testcase classname="com.acti.base.DriverScript" name="initApplication" time="5.231"/>
  <system-out/>
</testsuite> <!-- com.acti.base.DriverScript -->
