<?xml version="1.0" encoding="UTF-8"?>
<!-- Generated by org.testng.reporters.JUnitReportReporter -->
<testsuite hostname="Kondapalli-PC" failures="0" tests="6" name="com.acti.testcase.LoginPageTests" time="27.601" errors="0" timestamp="2023-05-02T19:19:30 CDT" skipped="0">
  <testcase classname="com.acti.testcase.LoginPageTests" name="testLoginFunction" time="4.119"/>
  <system-out/>
  <testcase classname="com.acti.testcase.LoginPageTests" name="initApplication" time="6.963"/>
  <system-out/>
  <testcase classname="com.acti.testcase.LoginPageTests" name="testActiImgDisplayed" time="3.263"/>
  <system-out/>
  <testcase classname="com.acti.testcase.LoginPageTests" name="testLoginInvalidCredentials" time="3.968"/>
  <system-out/>
  <testcase classname="com.acti.testcase.LoginPageTests" name="testForgotPasswordDisplayed" time="3.267"/>
  <system-out/>
  <testcase classname="com.acti.testcase.LoginPageTests" name="testLoginPageTitle" time="6.021"/>
  <system-out/>
</testsuite> <!-- com.acti.testcase.LoginPageTests -->
