<?xml version="1.0" encoding="UTF-8"?>
<!-- Generated by org.testng.reporters.JUnitReportReporter -->
<testsuite hostname="Kondapalli-PC" failures="0" tests="6" name="com.acti.testcase.LoginPageTests" time="23.227" errors="0" timestamp="2023-05-01T19:47:07 CDT" skipped="0">
  <testcase classname="com.acti.testcase.LoginPageTests" name="testLoginPageTitle" time="3.451"/>
  <system-out/>
  <testcase classname="com.acti.testcase.LoginPageTests" name="testActiImgDisplayed" time="3.861"/>
  <system-out/>
  <testcase classname="com.acti.testcase.LoginPageTests" name="testForgotPasswordDisplayed" time="3.351"/>
  <system-out/>
  <testcase classname="com.acti.testcase.LoginPageTests" name="testLoginInvalidCredentials" time="3.796"/>
  <system-out/>
  <testcase classname="com.acti.testcase.LoginPageTests" name="initApplication" time="5.270"/>
  <system-out/>
  <testcase classname="com.acti.testcase.LoginPageTests" name="testLoginFunction" time="3.498"/>
  <system-out/>
</testsuite> <!-- com.acti.testcase.LoginPageTests -->
