<?xml version="1.0" encoding="UTF-8"?>
<!-- Generated by org.testng.reporters.JUnitReportReporter -->
<testsuite hostname="Kondapalli-PC" failures="0" tests="1" name="com.acti.pages.LoginPage" time="6.220" errors="0" timestamp="2023-05-01T19:42:13 CDT" skipped="0">
  <testcase classname="com.acti.pages.LoginPage" name="initApplication" time="6.220"/>
  <system-out/>
</testsuite> <!-- com.acti.pages.LoginPage -->
